Using pre-set license
Built from '2020.3/staging' branch; Version is '2020.3.24f1 (79c78de19888) revision 7980941'; Using compiler version '192528614'; Build Type 'Release'
OS: 'Windows 10  (10.0.19044) 64bit Professional' Language: 'en' Physical Memory: 16309 MB
BatchMode: 1, IsHumanControllingUs: 0, StartBugReporterOnCrash: 0, Is64bit: 1, IsPro: 0

COMMAND LINE ARGUMENTS:
E:\Programming\Unity\2020.3.24f1\Editor\Unity.exe
-adb2
-batchMode
-noUpm
-name
AssetImportWorker0
-projectPath
E:/Programming/Unity Projects/Flyweight Pattern
-logFile
Logs/AssetImportWorker0.log
-srvPort
53214
Successfully changed project path to: E:/Programming/Unity Projects/Flyweight Pattern
E:/Programming/Unity Projects/Flyweight Pattern
Using Asset Import Pipeline V2.
Refreshing native plugins compatible for Editor in 30.73 ms, found 2 plugins.
Preloading 0 native plugins for Editor in 0.00 ms.
Initialize engine version: 2020.3.24f1 (79c78de19888)
[Subsystems] Discovering subsystems at path E:/Programming/Unity/2020.3.24f1/Editor/Data/Resources/UnitySubsystems
[Subsystems] Discovering subsystems at path E:/Programming/Unity Projects/Flyweight Pattern/Assets
GfxDevice: creating device client; threaded=0
Direct3D:
    Version:  Direct3D 11.0 [level 11.1]
    Renderer: NVIDIA GeForce GTX 1070 (ID=0x1b81)
    Vendor:   
    VRAM:     8088 MB
    Driver:   30.0.14.9649
Initialize mono
Mono path[0] = 'E:/Programming/Unity/2020.3.24f1/Editor/Data/Managed'
Mono path[1] = 'E:/Programming/Unity/2020.3.24f1/Editor/Data/MonoBleedingEdge/lib/mono/unityjit'
Mono config path = 'E:/Programming/Unity/2020.3.24f1/Editor/Data/MonoBleedingEdge/etc'
Using monoOptions --debugger-agent=transport=dt_socket,embedding=1,server=y,suspend=n,address=127.0.0.1:56612
Begin MonoManager ReloadAssembly
Registering precompiled unity dll's ...
Register platform support module: E:/Programming/Unity/2020.3.24f1/Editor/Data/PlaybackEngines/WindowsStandaloneSupport/UnityEditor.WindowsStandalone.Extensions.dll
Registered in 0.001085 seconds.
Native extension for WindowsStandalone target not found
Refreshing native plugins compatible for Editor in 29.90 ms, found 2 plugins.
Preloading 0 native plugins for Editor in 0.00 ms.
Mono: successfully reloaded assembly
- Completed reload, in  0.503 seconds
Domain Reload Profiling:
	ReloadAssembly (504ms)
		BeginReloadAssembly (59ms)
			ExecutionOrderSort (0ms)
			DisableScriptedObjects (0ms)
			BackupInstance (0ms)
			ReleaseScriptingObjects (0ms)
			CreateAndSetChildDomain (1ms)
		EndReloadAssembly (383ms)
			LoadAssemblies (59ms)
			RebuildTransferFunctionScriptingTraits (0ms)
			SetupTypeCache (133ms)
			ReleaseScriptCaches (0ms)
			RebuildScriptCaches (27ms)
			SetupLoadedEditorAssemblies (142ms)
				LogAssemblyErrors (0ms)
				InitializePlatformSupportModulesInManaged (4ms)
				SetLoadedEditorAssemblies (0ms)
				RefreshPlugins (30ms)
				BeforeProcessingInitializeOnLoad (11ms)
				ProcessInitializeOnLoadAttributes (72ms)
				ProcessInitializeOnLoadMethodAttributes (25ms)
				AfterProcessingInitializeOnLoad (0ms)
				EditorAssembliesLoaded (0ms)
			ExecutionOrderSort2 (0ms)
			AwakeInstancesAfterBackupRestoration (0ms)
Platform modules already initialized, skipping
Registering precompiled user dll's ...
Registered in 0.003839 seconds.
Begin MonoManager ReloadAssembly
Native extension for WindowsStandalone target not found
Refreshing native plugins compatible for Editor in 0.37 ms, found 2 plugins.
Preloading 0 native plugins for Editor in 0.00 ms.
Mono: successfully reloaded assembly
- Completed reload, in  0.888 seconds
Domain Reload Profiling:
	ReloadAssembly (889ms)
		BeginReloadAssembly (144ms)
			ExecutionOrderSort (0ms)
			DisableScriptedObjects (5ms)
			BackupInstance (0ms)
			ReleaseScriptingObjects (0ms)
			CreateAndSetChildDomain (17ms)
		EndReloadAssembly (692ms)
			LoadAssemblies (91ms)
			RebuildTransferFunctionScriptingTraits (0ms)
			SetupTypeCache (248ms)
			ReleaseScriptCaches (0ms)
			RebuildScriptCaches (37ms)
			SetupLoadedEditorAssemblies (249ms)
				LogAssemblyErrors (0ms)
				InitializePlatformSupportModulesInManaged (4ms)
				SetLoadedEditorAssemblies (0ms)
				RefreshPlugins (0ms)
				BeforeProcessingInitializeOnLoad (68ms)
				ProcessInitializeOnLoadAttributes (165ms)
				ProcessInitializeOnLoadMethodAttributes (8ms)
				AfterProcessingInitializeOnLoad (2ms)
				EditorAssembliesLoaded (0ms)
			ExecutionOrderSort2 (0ms)
			AwakeInstancesAfterBackupRestoration (5ms)
Platform modules already initialized, skipping
========================================================================
Worker process is ready to serve import requests
Launched and connected shader compiler UnityShaderCompiler.exe after 0.06 seconds
Refreshing native plugins compatible for Editor in 0.35 ms, found 2 plugins.
Preloading 0 native plugins for Editor in 0.00 ms.
Unloading 1508 Unused Serialized files (Serialized files now loaded: 0)
System memory in use before: 70.1 MB.
System memory in use after: 70.2 MB.

Unloading 19 unused Assets to reduce memory usage. Loaded Objects now: 1942.
Total: 2.930900 ms (FindLiveObjects: 0.168900 ms CreateObjectMapping: 0.033000 ms MarkObjects: 2.657900 ms  DeleteObjects: 0.069900 ms)

AssetImportParameters requested are different than current active one (requested -> active):
  custom:framework-win-MediaFoundation: 216162199b28c13a410421893ffa2e32 -> 
  custom:video-decoder-ogg-theora: a1e56fd34408186e4bbccfd4996cb3dc -> 
  custom:container-muxer-webm: aa71ff27fc2769a1b78a27578f13a17b -> 
  custom:container-demuxer-webm: 4f35f7cbe854078d1ac9338744f61a02 -> 
  custom:container-demuxer-ogg: 62fdf1f143b41e24485cea50d1cbac27 -> 
  custom:video-encoder-webm-vp8: eb34c28f22e8b96e1ab97ce403110664 -> 
  custom:video-decoder-webm-vp8: 9c59270c3fd7afecdb556c50c9e8de78 -> 
  custom:audio-decoder-ogg-vorbis: bf7c407c2cedff20999df2af8eb42d56 -> 
  custom:audio-encoder-webm-vorbis: bf7c407c2cedff20999df2af8eb42d56 -> 
========================================================================
Received Import Request.
  path: Assets/Scenes
  artifactKey: Guid(98336bcdc2bb19d4c9621099b2bc3704) Importer(815301076,1909f56bfc062723c751e8b465ee728b)
Start importing Assets/Scenes using Guid(98336bcdc2bb19d4c9621099b2bc3704) Importer(815301076,1909f56bfc062723c751e8b465ee728b)  -> (artifact id: '23fb99d5b81dabe5bed6ed980cbecfcd') in 0.009385 seconds 
  Import took 0.011761 seconds .

========================================================================
Received Import Request.
  Time since last request: 3.158351 seconds.
  path: Assets/World.unity
  artifactKey: Guid(16ada3ec9d93a45169979fdf4117aab9) Importer(815301076,1909f56bfc062723c751e8b465ee728b)
Start importing Assets/World.unity using Guid(16ada3ec9d93a45169979fdf4117aab9) Importer(815301076,1909f56bfc062723c751e8b465ee728b)  -> (artifact id: '0a0d29b7ef68700fc5ad6c0895e6f144') in 0.013452 seconds 
  Import took 0.015784 seconds .

========================================================================
Received Prepare
Registering precompiled user dll's ...
Registered in 0.004207 seconds.
Begin MonoManager ReloadAssembly
Native extension for WindowsStandalone target not found
Refreshing native plugins compatible for Editor in 0.36 ms, found 2 plugins.
Preloading 0 native plugins for Editor in 0.00 ms.
Mono: successfully reloaded assembly
- Completed reload, in  0.847 seconds
Domain Reload Profiling:
	ReloadAssembly (847ms)
		BeginReloadAssembly (111ms)
			ExecutionOrderSort (0ms)
			DisableScriptedObjects (4ms)
			BackupInstance (0ms)
			ReleaseScriptingObjects (0ms)
			CreateAndSetChildDomain (27ms)
		EndReloadAssembly (684ms)
			LoadAssemblies (92ms)
			RebuildTransferFunctionScriptingTraits (0ms)
			SetupTypeCache (256ms)
			ReleaseScriptCaches (1ms)
			RebuildScriptCaches (33ms)
			SetupLoadedEditorAssemblies (236ms)
				LogAssemblyErrors (0ms)
				InitializePlatformSupportModulesInManaged (4ms)
				SetLoadedEditorAssemblies (0ms)
				RefreshPlugins (0ms)
				BeforeProcessingInitializeOnLoad (67ms)
				ProcessInitializeOnLoadAttributes (154ms)
				ProcessInitializeOnLoadMethodAttributes (8ms)
				AfterProcessingInitializeOnLoad (2ms)
				EditorAssembliesLoaded (0ms)
			ExecutionOrderSort2 (0ms)
			AwakeInstancesAfterBackupRestoration (6ms)
Platform modules already initialized, skipping
Refreshing native plugins compatible for Editor in 0.38 ms, found 2 plugins.
Preloading 0 native plugins for Editor in 0.00 ms.
Unloading 1501 Unused Serialized files (Serialized files now loaded: 0)
System memory in use before: 69.9 MB.
System memory in use after: 70.0 MB.

Unloading 14 unused Assets to reduce memory usage. Loaded Objects now: 1944.
Total: 2.643600 ms (FindLiveObjects: 0.171200 ms CreateObjectMapping: 0.043700 ms MarkObjects: 2.407600 ms  DeleteObjects: 0.020100 ms)

AssetImportParameters requested are different than current active one (requested -> active):
  custom:framework-win-MediaFoundation: 216162199b28c13a410421893ffa2e32 -> 
  custom:video-decoder-ogg-theora: a1e56fd34408186e4bbccfd4996cb3dc -> 
  custom:container-muxer-webm: aa71ff27fc2769a1b78a27578f13a17b -> 
  custom:container-demuxer-webm: 4f35f7cbe854078d1ac9338744f61a02 -> 
  custom:container-demuxer-ogg: 62fdf1f143b41e24485cea50d1cbac27 -> 
  custom:video-encoder-webm-vp8: eb34c28f22e8b96e1ab97ce403110664 -> 
  custom:video-decoder-webm-vp8: 9c59270c3fd7afecdb556c50c9e8de78 -> 
  custom:audio-decoder-ogg-vorbis: bf7c407c2cedff20999df2af8eb42d56 -> 
  custom:audio-encoder-webm-vorbis: bf7c407c2cedff20999df2af8eb42d56 -> 
========================================================================
Received Import Request.
  Time since last request: 75.490811 seconds.
  path: Assets/World
  artifactKey: Guid(45bd59e46da05314da3fc3bbad6c77f5) Importer(815301076,1909f56bfc062723c751e8b465ee728b)
Start importing Assets/World using Guid(45bd59e46da05314da3fc3bbad6c77f5) Importer(815301076,1909f56bfc062723c751e8b465ee728b)  -> (artifact id: 'd386d0eda42393c0af308795b9f874f0') in 0.008173 seconds 
  Import took 0.010588 seconds .

========================================================================
Received Import Request.
  Time since last request: 8.090343 seconds.
  path: Assets/Scripts
  artifactKey: Guid(b92dcc579e79e654ab72d456072033af) Importer(815301076,1909f56bfc062723c751e8b465ee728b)
Start importing Assets/Scripts using Guid(b92dcc579e79e654ab72d456072033af) Importer(815301076,1909f56bfc062723c751e8b465ee728b)  -> (artifact id: '09c459aae55f5a3f1433a6fed1b773c8') in 0.007469 seconds 
  Import took 0.009896 seconds .

========================================================================
Received Prepare
Registering precompiled user dll's ...
Registered in 0.003500 seconds.
Begin MonoManager ReloadAssembly
Native extension for WindowsStandalone target not found
Refreshing native plugins compatible for Editor in 0.55 ms, found 2 plugins.
Preloading 0 native plugins for Editor in 0.00 ms.
Mono: successfully reloaded assembly
- Completed reload, in  0.917 seconds
Domain Reload Profiling:
	ReloadAssembly (918ms)
		BeginReloadAssembly (123ms)
			ExecutionOrderSort (0ms)
			DisableScriptedObjects (4ms)
			BackupInstance (0ms)
			ReleaseScriptingObjects (0ms)
			CreateAndSetChildDomain (27ms)
		EndReloadAssembly (734ms)
			LoadAssemblies (106ms)
			RebuildTransferFunctionScriptingTraits (0ms)
			SetupTypeCache (262ms)
			ReleaseScriptCaches (1ms)
			RebuildScriptCaches (35ms)
			SetupLoadedEditorAssemblies (257ms)
				LogAssemblyErrors (0ms)
				InitializePlatformSupportModulesInManaged (5ms)
				SetLoadedEditorAssemblies (0ms)
				RefreshPlugins (1ms)
				BeforeProcessingInitializeOnLoad (78ms)
				ProcessInitializeOnLoadAttributes (163ms)
				ProcessInitializeOnLoadMethodAttributes (8ms)
				AfterProcessingInitializeOnLoad (2ms)
				EditorAssembliesLoaded (0ms)
			ExecutionOrderSort2 (0ms)
			AwakeInstancesAfterBackupRestoration (6ms)
Platform modules already initialized, skipping
Refreshing native plugins compatible for Editor in 0.38 ms, found 2 plugins.
Preloading 0 native plugins for Editor in 0.00 ms.
Unloading 1501 Unused Serialized files (Serialized files now loaded: 0)
System memory in use before: 69.9 MB.
System memory in use after: 70.0 MB.

Unloading 14 unused Assets to reduce memory usage. Loaded Objects now: 1946.
Total: 2.561200 ms (FindLiveObjects: 0.167400 ms CreateObjectMapping: 0.043200 ms MarkObjects: 2.332900 ms  DeleteObjects: 0.016000 ms)

AssetImportParameters requested are different than current active one (requested -> active):
  custom:framework-win-MediaFoundation: 216162199b28c13a410421893ffa2e32 -> 
  custom:video-decoder-ogg-theora: a1e56fd34408186e4bbccfd4996cb3dc -> 
  custom:container-muxer-webm: aa71ff27fc2769a1b78a27578f13a17b -> 
  custom:container-demuxer-webm: 4f35f7cbe854078d1ac9338744f61a02 -> 
  custom:container-demuxer-ogg: 62fdf1f143b41e24485cea50d1cbac27 -> 
  custom:video-encoder-webm-vp8: eb34c28f22e8b96e1ab97ce403110664 -> 
  custom:video-decoder-webm-vp8: 9c59270c3fd7afecdb556c50c9e8de78 -> 
  custom:audio-decoder-ogg-vorbis: bf7c407c2cedff20999df2af8eb42d56 -> 
  custom:audio-encoder-webm-vorbis: bf7c407c2cedff20999df2af8eb42d56 -> 
========================================================================
Received Prepare
Registering precompiled user dll's ...
Registered in 0.003590 seconds.
Begin MonoManager ReloadAssembly
Native extension for WindowsStandalone target not found
Refreshing native plugins compatible for Editor in 0.36 ms, found 2 plugins.
Preloading 0 native plugins for Editor in 0.00 ms.
Mono: successfully reloaded assembly
- Completed reload, in  0.873 seconds
Domain Reload Profiling:
	ReloadAssembly (873ms)
		BeginReloadAssembly (118ms)
			ExecutionOrderSort (0ms)
			DisableScriptedObjects (5ms)
			BackupInstance (0ms)
			ReleaseScriptingObjects (0ms)
			CreateAndSetChildDomain (28ms)
		EndReloadAssembly (695ms)
			LoadAssemblies (106ms)
			RebuildTransferFunctionScriptingTraits (0ms)
			SetupTypeCache (255ms)
			ReleaseScriptCaches (1ms)
			RebuildScriptCaches (34ms)
			SetupLoadedEditorAssemblies (244ms)
				LogAssemblyErrors (0ms)
				InitializePlatformSupportModulesInManaged (4ms)
				SetLoadedEditorAssemblies (0ms)
				RefreshPlugins (0ms)
				BeforeProcessingInitializeOnLoad (71ms)
				ProcessInitializeOnLoadAttributes (158ms)
				ProcessInitializeOnLoadMethodAttributes (8ms)
				AfterProcessingInitializeOnLoad (2ms)
				EditorAssembliesLoaded (0ms)
			ExecutionOrderSort2 (0ms)
			AwakeInstancesAfterBackupRestoration (6ms)
Platform modules already initialized, skipping
Refreshing native plugins compatible for Editor in 0.38 ms, found 2 plugins.
Preloading 0 native plugins for Editor in 0.00 ms.
Unloading 1501 Unused Serialized files (Serialized files now loaded: 0)
System memory in use before: 69.9 MB.
System memory in use after: 70.0 MB.

Unloading 14 unused Assets to reduce memory usage. Loaded Objects now: 1948.
Total: 2.947700 ms (FindLiveObjects: 0.171400 ms CreateObjectMapping: 0.038300 ms MarkObjects: 2.715100 ms  DeleteObjects: 0.021400 ms)

AssetImportParameters requested are different than current active one (requested -> active):
  custom:framework-win-MediaFoundation: 216162199b28c13a410421893ffa2e32 -> 
  custom:video-decoder-ogg-theora: a1e56fd34408186e4bbccfd4996cb3dc -> 
  custom:container-muxer-webm: aa71ff27fc2769a1b78a27578f13a17b -> 
  custom:container-demuxer-webm: 4f35f7cbe854078d1ac9338744f61a02 -> 
  custom:container-demuxer-ogg: 62fdf1f143b41e24485cea50d1cbac27 -> 
  custom:video-encoder-webm-vp8: eb34c28f22e8b96e1ab97ce403110664 -> 
  custom:video-decoder-webm-vp8: 9c59270c3fd7afecdb556c50c9e8de78 -> 
  custom:audio-decoder-ogg-vorbis: bf7c407c2cedff20999df2af8eb42d56 -> 
  custom:audio-encoder-webm-vorbis: bf7c407c2cedff20999df2af8eb42d56 -> 
========================================================================
Received Prepare
Registering precompiled user dll's ...
Registered in 0.004923 seconds.
Begin MonoManager ReloadAssembly
Native extension for WindowsStandalone target not found
Refreshing native plugins compatible for Editor in 0.36 ms, found 2 plugins.
Preloading 0 native plugins for Editor in 0.00 ms.
Mono: successfully reloaded assembly
- Completed reload, in  0.854 seconds
Domain Reload Profiling:
	ReloadAssembly (854ms)
		BeginReloadAssembly (115ms)
			ExecutionOrderSort (0ms)
			DisableScriptedObjects (4ms)
			BackupInstance (0ms)
			ReleaseScriptingObjects (0ms)
			CreateAndSetChildDomain (27ms)
		EndReloadAssembly (683ms)
			LoadAssemblies (89ms)
			RebuildTransferFunctionScriptingTraits (0ms)
			SetupTypeCache (251ms)
			ReleaseScriptCaches (1ms)
			RebuildScriptCaches (35ms)
			SetupLoadedEditorAssemblies (237ms)
				LogAssemblyErrors (0ms)
				InitializePlatformSupportModulesInManaged (4ms)
				SetLoadedEditorAssemblies (0ms)
				RefreshPlugins (0ms)
				BeforeProcessingInitializeOnLoad (71ms)
				ProcessInitializeOnLoadAttributes (152ms)
				ProcessInitializeOnLoadMethodAttributes (8ms)
				AfterProcessingInitializeOnLoad (2ms)
				EditorAssembliesLoaded (0ms)
			ExecutionOrderSort2 (0ms)
			AwakeInstancesAfterBackupRestoration (6ms)
Platform modules already initialized, skipping
Refreshing native plugins compatible for Editor in 0.38 ms, found 2 plugins.
Preloading 0 native plugins for Editor in 0.00 ms.
Unloading 1501 Unused Serialized files (Serialized files now loaded: 0)
System memory in use before: 69.9 MB.
System memory in use after: 70.0 MB.

Unloading 14 unused Assets to reduce memory usage. Loaded Objects now: 1950.
Total: 2.788100 ms (FindLiveObjects: 0.159600 ms CreateObjectMapping: 0.032300 ms MarkObjects: 2.575900 ms  DeleteObjects: 0.018900 ms)

AssetImportParameters requested are different than current active one (requested -> active):
  custom:framework-win-MediaFoundation: 216162199b28c13a410421893ffa2e32 -> 
  custom:video-decoder-ogg-theora: a1e56fd34408186e4bbccfd4996cb3dc -> 
  custom:container-muxer-webm: aa71ff27fc2769a1b78a27578f13a17b -> 
  custom:container-demuxer-webm: 4f35f7cbe854078d1ac9338744f61a02 -> 
  custom:container-demuxer-ogg: 62fdf1f143b41e24485cea50d1cbac27 -> 
  custom:video-encoder-webm-vp8: eb34c28f22e8b96e1ab97ce403110664 -> 
  custom:video-decoder-webm-vp8: 9c59270c3fd7afecdb556c50c9e8de78 -> 
  custom:audio-decoder-ogg-vorbis: bf7c407c2cedff20999df2af8eb42d56 -> 
  custom:audio-encoder-webm-vorbis: bf7c407c2cedff20999df2af8eb42d56 -> 
========================================================================
Received Prepare
Registering precompiled user dll's ...
Registered in 0.003541 seconds.
Begin MonoManager ReloadAssembly
Native extension for WindowsStandalone target not found
Refreshing native plugins compatible for Editor in 0.40 ms, found 2 plugins.
Preloading 0 native plugins for Editor in 0.00 ms.
Mono: successfully reloaded assembly
- Completed reload, in  0.883 seconds
Domain Reload Profiling:
	ReloadAssembly (884ms)
		BeginReloadAssembly (118ms)
			ExecutionOrderSort (0ms)
			DisableScriptedObjects (4ms)
			BackupInstance (0ms)
			ReleaseScriptingObjects (0ms)
			CreateAndSetChildDomain (27ms)
		EndReloadAssembly (704ms)
			LoadAssemblies (93ms)
			RebuildTransferFunctionScriptingTraits (0ms)
			SetupTypeCache (275ms)
			ReleaseScriptCaches (1ms)
			RebuildScriptCaches (33ms)
			SetupLoadedEditorAssemblies (235ms)
				LogAssemblyErrors (0ms)
				InitializePlatformSupportModulesInManaged (4ms)
				SetLoadedEditorAssemblies (0ms)
				RefreshPlugins (0ms)
				BeforeProcessingInitializeOnLoad (68ms)
				ProcessInitializeOnLoadAttributes (152ms)
				ProcessInitializeOnLoadMethodAttributes (8ms)
				AfterProcessingInitializeOnLoad (2ms)
				EditorAssembliesLoaded (0ms)
			ExecutionOrderSort2 (0ms)
			AwakeInstancesAfterBackupRestoration (6ms)
Platform modules already initialized, skipping
Refreshing native plugins compatible for Editor in 0.36 ms, found 2 plugins.
Preloading 0 native plugins for Editor in 0.00 ms.
Unloading 1501 Unused Serialized files (Serialized files now loaded: 0)
System memory in use before: 69.9 MB.
System memory in use after: 70.0 MB.

Unloading 14 unused Assets to reduce memory usage. Loaded Objects now: 1952.
Total: 2.917300 ms (FindLiveObjects: 0.162700 ms CreateObjectMapping: 0.037700 ms MarkObjects: 2.700500 ms  DeleteObjects: 0.015100 ms)

AssetImportParameters requested are different than current active one (requested -> active):
  custom:framework-win-MediaFoundation: 216162199b28c13a410421893ffa2e32 -> 
  custom:video-decoder-ogg-theora: a1e56fd34408186e4bbccfd4996cb3dc -> 
  custom:container-muxer-webm: aa71ff27fc2769a1b78a27578f13a17b -> 
  custom:container-demuxer-webm: 4f35f7cbe854078d1ac9338744f61a02 -> 
  custom:container-demuxer-ogg: 62fdf1f143b41e24485cea50d1cbac27 -> 
  custom:video-encoder-webm-vp8: eb34c28f22e8b96e1ab97ce403110664 -> 
  custom:video-decoder-webm-vp8: 9c59270c3fd7afecdb556c50c9e8de78 -> 
  custom:audio-decoder-ogg-vorbis: bf7c407c2cedff20999df2af8eb42d56 -> 
  custom:audio-encoder-webm-vorbis: bf7c407c2cedff20999df2af8eb42d56 -> 
========================================================================
Received Import Request.
  Time since last request: 400.136474 seconds.
  path: Assets/Scripts/SetPlantInfo.cs
  artifactKey: Guid(f98a3f9e7def74d4aaaece7f91c772df) Importer(815301076,1909f56bfc062723c751e8b465ee728b)
Start importing Assets/Scripts/SetPlantInfo.cs using Guid(f98a3f9e7def74d4aaaece7f91c772df) Importer(815301076,1909f56bfc062723c751e8b465ee728b)  -> (artifact id: 'a8e7cddcde0bc39b9abc18e63e4b2c3f') in 0.023750 seconds 
  Import took 0.026427 seconds .

========================================================================
Received Prepare
Registering precompiled user dll's ...
Registered in 0.003513 seconds.
Begin MonoManager ReloadAssembly
Native extension for WindowsStandalone target not found
Refreshing native plugins compatible for Editor in 0.37 ms, found 2 plugins.
Preloading 0 native plugins for Editor in 0.00 ms.
Mono: successfully reloaded assembly
- Completed reload, in  0.852 seconds
Domain Reload Profiling:
	ReloadAssembly (852ms)
		BeginReloadAssembly (113ms)
			ExecutionOrderSort (0ms)
			DisableScriptedObjects (4ms)
			BackupInstance (0ms)
			ReleaseScriptingObjects (0ms)
			CreateAndSetChildDomain (28ms)
		EndReloadAssembly (681ms)
			LoadAssemblies (99ms)
			RebuildTransferFunctionScriptingTraits (0ms)
			SetupTypeCache (245ms)
			ReleaseScriptCaches (1ms)
			RebuildScriptCaches (34ms)
			SetupLoadedEditorAssemblies (235ms)
				LogAssemblyErrors (0ms)
				InitializePlatformSupportModulesInManaged (4ms)
				SetLoadedEditorAssemblies (0ms)
				RefreshPlugins (0ms)
				BeforeProcessingInitializeOnLoad (70ms)
				ProcessInitializeOnLoadAttributes (150ms)
				ProcessInitializeOnLoadMethodAttributes (8ms)
				AfterProcessingInitializeOnLoad (2ms)
				EditorAssembliesLoaded (0ms)
			ExecutionOrderSort2 (0ms)
			AwakeInstancesAfterBackupRestoration (6ms)
Platform modules already initialized, skipping
Refreshing native plugins compatible for Editor in 0.37 ms, found 2 plugins.
Preloading 0 native plugins for Editor in 0.00 ms.
Unloading 1501 Unused Serialized files (Serialized files now loaded: 0)
System memory in use before: 69.9 MB.
System memory in use after: 70.0 MB.

Unloading 14 unused Assets to reduce memory usage. Loaded Objects now: 1954.
Total: 2.683600 ms (FindLiveObjects: 0.194000 ms CreateObjectMapping: 0.042900 ms MarkObjects: 2.429700 ms  DeleteObjects: 0.015400 ms)

AssetImportParameters requested are different than current active one (requested -> active):
  custom:framework-win-MediaFoundation: 216162199b28c13a410421893ffa2e32 -> 
  custom:video-decoder-ogg-theora: a1e56fd34408186e4bbccfd4996cb3dc -> 
  custom:container-muxer-webm: aa71ff27fc2769a1b78a27578f13a17b -> 
  custom:container-demuxer-webm: 4f35f7cbe854078d1ac9338744f61a02 -> 
  custom:container-demuxer-ogg: 62fdf1f143b41e24485cea50d1cbac27 -> 
  custom:video-encoder-webm-vp8: eb34c28f22e8b96e1ab97ce403110664 -> 
  custom:video-decoder-webm-vp8: 9c59270c3fd7afecdb556c50c9e8de78 -> 
  custom:audio-decoder-ogg-vorbis: bf7c407c2cedff20999df2af8eb42d56 -> 
  custom:audio-encoder-webm-vorbis: bf7c407c2cedff20999df2af8eb42d56 -> 
========================================================================
Received Import Request.
  Time since last request: 93.969961 seconds.
  path: Assets/Scripts/PlantData.cs
  artifactKey: Guid(d3c379f7814ff6b4d87269cd6fb567b0) Importer(815301076,1909f56bfc062723c751e8b465ee728b)
Start importing Assets/Scripts/PlantData.cs using Guid(d3c379f7814ff6b4d87269cd6fb567b0) Importer(815301076,1909f56bfc062723c751e8b465ee728b)  -> (artifact id: 'b9caa6f27fb394c90c60524d59f0c5b1') in 0.011801 seconds 
  Import took 0.015319 seconds .

========================================================================
Received Prepare
Registering precompiled user dll's ...
Registered in 0.003838 seconds.
Begin MonoManager ReloadAssembly
Native extension for WindowsStandalone target not found
Refreshing native plugins compatible for Editor in 0.46 ms, found 2 plugins.
Preloading 0 native plugins for Editor in 0.00 ms.
Mono: successfully reloaded assembly
- Completed reload, in  1.000 seconds
Domain Reload Profiling:
	ReloadAssembly (1001ms)
		BeginReloadAssembly (121ms)
			ExecutionOrderSort (0ms)
			DisableScriptedObjects (4ms)
			BackupInstance (0ms)
			ReleaseScriptingObjects (0ms)
			CreateAndSetChildDomain (32ms)
		EndReloadAssembly (819ms)
			LoadAssemblies (97ms)
			RebuildTransferFunctionScriptingTraits (0ms)
			SetupTypeCache (260ms)
			ReleaseScriptCaches (1ms)
			RebuildScriptCaches (35ms)
			SetupLoadedEditorAssemblies (342ms)
				LogAssemblyErrors (0ms)
				InitializePlatformSupportModulesInManaged (6ms)
				SetLoadedEditorAssemblies (0ms)
				RefreshPlugins (1ms)
				BeforeProcessingInitializeOnLoad (91ms)
				ProcessInitializeOnLoadAttributes (228ms)
				ProcessInitializeOnLoadMethodAttributes (13ms)
				AfterProcessingInitializeOnLoad (3ms)
				EditorAssembliesLoaded (0ms)
			ExecutionOrderSort2 (0ms)
			AwakeInstancesAfterBackupRestoration (9ms)
Platform modules already initialized, skipping
Refreshing native plugins compatible for Editor in 0.66 ms, found 2 plugins.
Preloading 0 native plugins for Editor in 0.00 ms.
Unloading 1502 Unused Serialized files (Serialized files now loaded: 0)
System memory in use before: 70.0 MB.
System memory in use after: 70.1 MB.

Unloading 14 unused Assets to reduce memory usage. Loaded Objects now: 1957.
Total: 5.185600 ms (FindLiveObjects: 0.499700 ms CreateObjectMapping: 0.070100 ms MarkObjects: 4.487500 ms  DeleteObjects: 0.125700 ms)

AssetImportParameters requested are different than current active one (requested -> active):
  custom:framework-win-MediaFoundation: 216162199b28c13a410421893ffa2e32 -> 
  custom:video-decoder-ogg-theora: a1e56fd34408186e4bbccfd4996cb3dc -> 
  custom:container-muxer-webm: aa71ff27fc2769a1b78a27578f13a17b -> 
  custom:container-demuxer-webm: 4f35f7cbe854078d1ac9338744f61a02 -> 
  custom:container-demuxer-ogg: 62fdf1f143b41e24485cea50d1cbac27 -> 
  custom:video-encoder-webm-vp8: eb34c28f22e8b96e1ab97ce403110664 -> 
  custom:video-decoder-webm-vp8: 9c59270c3fd7afecdb556c50c9e8de78 -> 
  custom:audio-decoder-ogg-vorbis: bf7c407c2cedff20999df2af8eb42d56 -> 
  custom:audio-encoder-webm-vorbis: bf7c407c2cedff20999df2af8eb42d56 -> 
========================================================================
Received Prepare
Registering precompiled user dll's ...
Registered in 0.004228 seconds.
Begin MonoManager ReloadAssembly
Native extension for WindowsStandalone target not found
Refreshing native plugins compatible for Editor in 0.40 ms, found 2 plugins.
Preloading 0 native plugins for Editor in 0.00 ms.
Mono: successfully reloaded assembly
- Completed reload, in  0.924 seconds
Domain Reload Profiling:
	ReloadAssembly (924ms)
		BeginReloadAssembly (115ms)
			ExecutionOrderSort (0ms)
			DisableScriptedObjects (4ms)
			BackupInstance (0ms)
			ReleaseScriptingObjects (0ms)
			CreateAndSetChildDomain (27ms)
		EndReloadAssembly (749ms)
			LoadAssemblies (101ms)
			RebuildTransferFunctionScriptingTraits (0ms)
			SetupTypeCache (279ms)
			ReleaseScriptCaches (1ms)
			RebuildScriptCaches (35ms)
			SetupLoadedEditorAssemblies (260ms)
				LogAssemblyErrors (0ms)
				InitializePlatformSupportModulesInManaged (4ms)
				SetLoadedEditorAssemblies (0ms)
				RefreshPlugins (0ms)
				BeforeProcessingInitializeOnLoad (71ms)
				ProcessInitializeOnLoadAttributes (174ms)
				ProcessInitializeOnLoadMethodAttributes (9ms)
				AfterProcessingInitializeOnLoad (2ms)
				EditorAssembliesLoaded (0ms)
			ExecutionOrderSort2 (0ms)
			AwakeInstancesAfterBackupRestoration (6ms)
Platform modules already initialized, skipping
Refreshing native plugins compatible for Editor in 0.36 ms, found 2 plugins.
Preloading 0 native plugins for Editor in 0.00 ms.
Unloading 1502 Unused Serialized files (Serialized files now loaded: 0)
System memory in use before: 70.0 MB.
System memory in use after: 70.1 MB.

Unloading 14 unused Assets to reduce memory usage. Loaded Objects now: 1959.
Total: 2.992400 ms (FindLiveObjects: 0.166500 ms CreateObjectMapping: 0.032900 ms MarkObjects: 2.771200 ms  DeleteObjects: 0.020500 ms)

AssetImportParameters requested are different than current active one (requested -> active):
  custom:framework-win-MediaFoundation: 216162199b28c13a410421893ffa2e32 -> 
  custom:video-decoder-ogg-theora: a1e56fd34408186e4bbccfd4996cb3dc -> 
  custom:container-muxer-webm: aa71ff27fc2769a1b78a27578f13a17b -> 
  custom:container-demuxer-webm: 4f35f7cbe854078d1ac9338744f61a02 -> 
  custom:container-demuxer-ogg: 62fdf1f143b41e24485cea50d1cbac27 -> 
  custom:video-encoder-webm-vp8: eb34c28f22e8b96e1ab97ce403110664 -> 
  custom:video-decoder-webm-vp8: 9c59270c3fd7afecdb556c50c9e8de78 -> 
  custom:audio-decoder-ogg-vorbis: bf7c407c2cedff20999df2af8eb42d56 -> 
  custom:audio-encoder-webm-vorbis: bf7c407c2cedff20999df2af8eb42d56 -> 
========================================================================
Received Import Request.
  Time since last request: 180.085393 seconds.
  path: Assets/Scripts/PlantData.cs
  artifactKey: Guid(d3c379f7814ff6b4d87269cd6fb567b0) Importer(815301076,1909f56bfc062723c751e8b465ee728b)
Start importing Assets/Scripts/PlantData.cs using Guid(d3c379f7814ff6b4d87269cd6fb567b0) Importer(815301076,1909f56bfc062723c751e8b465ee728b)  -> (artifact id: '0edde73f130e80dc521f5291a117b243') in 0.007214 seconds 
  Import took 0.009786 seconds .

========================================================================
Received Import Request.
  Time since last request: 48.572130 seconds.
  path: Assets/Scripts/plantdata.asset
  artifactKey: Guid(70b55e2a212a97d46b4e04dc693a306e) Importer(815301076,1909f56bfc062723c751e8b465ee728b)
Start importing Assets/Scripts/plantdata.asset using Guid(70b55e2a212a97d46b4e04dc693a306e) Importer(815301076,1909f56bfc062723c751e8b465ee728b)  -> (artifact id: 'af174118b44c4004027d0e209b4685cd') in 0.021346 seconds 
  Import took 0.023902 seconds .

========================================================================
Received Import Request.
  Time since last request: 52.278955 seconds.
  path: Assets/Scripts/SObjects
  artifactKey: Guid(ea7eb79859688ce4ba86f0e5de9650ee) Importer(815301076,1909f56bfc062723c751e8b465ee728b)
Start importing Assets/Scripts/SObjects using Guid(ea7eb79859688ce4ba86f0e5de9650ee) Importer(815301076,1909f56bfc062723c751e8b465ee728b)  -> (artifact id: '5c4dd153c24a59f038aebc4aef7bf9af') in 0.007335 seconds 
  Import took 0.009984 seconds .

========================================================================
Received Import Request.
  Time since last request: 6.010087 seconds.
  path: Assets/Scripts/SObjects/plantdata 1.asset
  artifactKey: Guid(cf28fe6d44e0c4446a43b4bf5c69c1f9) Importer(815301076,1909f56bfc062723c751e8b465ee728b)
Start importing Assets/Scripts/SObjects/plantdata 1.asset using Guid(cf28fe6d44e0c4446a43b4bf5c69c1f9) Importer(815301076,1909f56bfc062723c751e8b465ee728b)  -> (artifact id: '850e71ed7fd27b09048d3a9f825f8934') in 0.008818 seconds 
  Import took 0.011201 seconds .

========================================================================
Received Import Request.
  Time since last request: 0.353280 seconds.
  path: Assets/Scripts/SObjects/plantdata 2.asset
  artifactKey: Guid(d8fc4aa9eaacc6d4381ad567d9931032) Importer(815301076,1909f56bfc062723c751e8b465ee728b)
Start importing Assets/Scripts/SObjects/plantdata 2.asset using Guid(d8fc4aa9eaacc6d4381ad567d9931032) Importer(815301076,1909f56bfc062723c751e8b465ee728b)  -> (artifact id: '0a70144dc45b9dd37732d53bd0091930') in 0.009435 seconds 
  Import took 0.012129 seconds .

========================================================================
Received Import Request.
  Time since last request: 0.328462 seconds.
  path: Assets/Scripts/SObjects/plantdata 3.asset
  artifactKey: Guid(39ebf827c45be354a80a9288dfbefa1d) Importer(815301076,1909f56bfc062723c751e8b465ee728b)
Start importing Assets/Scripts/SObjects/plantdata 3.asset using Guid(39ebf827c45be354a80a9288dfbefa1d) Importer(815301076,1909f56bfc062723c751e8b465ee728b)  -> (artifact id: '97005404bc2f3a34fcd9a90d2035ff5e') in 0.008720 seconds 
  Import took 0.011490 seconds .

========================================================================
Received Import Request.
  Time since last request: 0.239485 seconds.
  path: Assets/Scripts/SObjects/plantdata 4.asset
  artifactKey: Guid(d4441b8e26f54b245930f5e5b5d93137) Importer(815301076,1909f56bfc062723c751e8b465ee728b)
Start importing Assets/Scripts/SObjects/plantdata 4.asset using Guid(d4441b8e26f54b245930f5e5b5d93137) Importer(815301076,1909f56bfc062723c751e8b465ee728b)  -> (artifact id: '2259ea74158f95d20016815dc92480ce') in 0.009349 seconds 
  Import took 0.012184 seconds .

========================================================================
Received Import Request.
  Time since last request: 0.200281 seconds.
  path: Assets/Scripts/SObjects/plantdata 5.asset
  artifactKey: Guid(c91dfc89457ef34478845312cb962603) Importer(815301076,1909f56bfc062723c751e8b465ee728b)
Start importing Assets/Scripts/SObjects/plantdata 5.asset using Guid(c91dfc89457ef34478845312cb962603) Importer(815301076,1909f56bfc062723c751e8b465ee728b)  -> (artifact id: '0de6e4764b0be101cf997ea474a5d37f') in 0.007869 seconds 
  Import took 0.010320 seconds .

========================================================================
Received Import Request.
  Time since last request: 0.204130 seconds.
  path: Assets/Scripts/SObjects/plantdata 6.asset
  artifactKey: Guid(329a2166f3eae584383f15a2523e5883) Importer(815301076,1909f56bfc062723c751e8b465ee728b)
Start importing Assets/Scripts/SObjects/plantdata 6.asset using Guid(329a2166f3eae584383f15a2523e5883) Importer(815301076,1909f56bfc062723c751e8b465ee728b)  -> (artifact id: 'ce08c2a93eca590a942d87ac9dd5c123') in 0.007260 seconds 
  Import took 0.010095 seconds .

========================================================================
Received Import Request.
  Time since last request: 0.199372 seconds.
  path: Assets/Scripts/SObjects/plantdata 7.asset
  artifactKey: Guid(6a75f42ce87ea174e876e40094760683) Importer(815301076,1909f56bfc062723c751e8b465ee728b)
Start importing Assets/Scripts/SObjects/plantdata 7.asset using Guid(6a75f42ce87ea174e876e40094760683) Importer(815301076,1909f56bfc062723c751e8b465ee728b)  -> (artifact id: 'd5f1eb1837b83f9372988f7243878480') in 0.007750 seconds 
  Import took 0.010280 seconds .

========================================================================
Received Import Request.
  Time since last request: 0.713981 seconds.
  path: Assets/Scripts/SObjects/plantdata 8.asset
  artifactKey: Guid(8682680873aad1b4581850cd98542338) Importer(815301076,1909f56bfc062723c751e8b465ee728b)
Start importing Assets/Scripts/SObjects/plantdata 8.asset using Guid(8682680873aad1b4581850cd98542338) Importer(815301076,1909f56bfc062723c751e8b465ee728b)  -> (artifact id: '3ac7c43b8a63f3a373cc00202345f8fd') in 0.007615 seconds 
  Import took 0.010454 seconds .

========================================================================
Received Import Request.
  Time since last request: 23.905709 seconds.
  path: Assets/Scripts/SObjects/Tree1.asset
  artifactKey: Guid(70b55e2a212a97d46b4e04dc693a306e) Importer(815301076,1909f56bfc062723c751e8b465ee728b)
Start importing Assets/Scripts/SObjects/Tree1.asset using Guid(70b55e2a212a97d46b4e04dc693a306e) Importer(815301076,1909f56bfc062723c751e8b465ee728b)  -> (artifact id: 'bcd70413699d75f4ef6ec2f99e21320c') in 0.007843 seconds 
  Import took 0.010249 seconds .

========================================================================
Received Import Request.
  Time since last request: 5.439506 seconds.
  path: Assets/Scripts/SObjects/Tree2.asset
  artifactKey: Guid(cf28fe6d44e0c4446a43b4bf5c69c1f9) Importer(815301076,1909f56bfc062723c751e8b465ee728b)
Start importing Assets/Scripts/SObjects/Tree2.asset using Guid(cf28fe6d44e0c4446a43b4bf5c69c1f9) Importer(815301076,1909f56bfc062723c751e8b465ee728b)  -> (artifact id: 'cc5c00f605ca5cb0f8595b5ba251d30d') in 0.006956 seconds 
  Import took 0.009398 seconds .

========================================================================
Received Import Request.
  Time since last request: 7.231253 seconds.
  path: Assets/Scripts/SObjects/Tree3.asset
  artifactKey: Guid(d8fc4aa9eaacc6d4381ad567d9931032) Importer(815301076,1909f56bfc062723c751e8b465ee728b)
Start importing Assets/Scripts/SObjects/Tree3.asset using Guid(d8fc4aa9eaacc6d4381ad567d9931032) Importer(815301076,1909f56bfc062723c751e8b465ee728b)  -> (artifact id: '6cf24a948291a846b55ac60ef3513b4a') in 0.006837 seconds 
  Import took 0.009126 seconds .

========================================================================
Received Import Request.
  Time since last request: 7.923730 seconds.
  path: Assets/Scripts/SObjects/Tree4.asset
  artifactKey: Guid(39ebf827c45be354a80a9288dfbefa1d) Importer(815301076,1909f56bfc062723c751e8b465ee728b)
Start importing Assets/Scripts/SObjects/Tree4.asset using Guid(39ebf827c45be354a80a9288dfbefa1d) Importer(815301076,1909f56bfc062723c751e8b465ee728b)  -> (artifact id: '37a8769c74f33d3f586ed397b33c3d90') in 0.006321 seconds 
  Import took 0.008704 seconds .

========================================================================
Received Import Request.
  Time since last request: 3.057488 seconds.
  path: Assets/Scripts/SObjects/Tree5.asset
  artifactKey: Guid(d4441b8e26f54b245930f5e5b5d93137) Importer(815301076,1909f56bfc062723c751e8b465ee728b)
Start importing Assets/Scripts/SObjects/Tree5.asset using Guid(d4441b8e26f54b245930f5e5b5d93137) Importer(815301076,1909f56bfc062723c751e8b465ee728b)  -> (artifact id: '4a068a380ca74e8902bbef40f968ed3e') in 0.006455 seconds 
  Import took 0.009185 seconds .

========================================================================
Received Import Request.
  Time since last request: 3.007907 seconds.
  path: Assets/Scripts/SObjects/Tree6.asset
  artifactKey: Guid(c91dfc89457ef34478845312cb962603) Importer(815301076,1909f56bfc062723c751e8b465ee728b)
Start importing Assets/Scripts/SObjects/Tree6.asset using Guid(c91dfc89457ef34478845312cb962603) Importer(815301076,1909f56bfc062723c751e8b465ee728b)  -> (artifact id: '58c7bb7a898b2979ff61c4e6128a6833') in 0.006655 seconds 
  Import took 0.008966 seconds .

========================================================================
Received Import Request.
  Time since last request: 4.385326 seconds.
  path: Assets/Scripts/SObjects/Tree7.asset
  artifactKey: Guid(329a2166f3eae584383f15a2523e5883) Importer(815301076,1909f56bfc062723c751e8b465ee728b)
Start importing Assets/Scripts/SObjects/Tree7.asset using Guid(329a2166f3eae584383f15a2523e5883) Importer(815301076,1909f56bfc062723c751e8b465ee728b)  -> (artifact id: '3e004653c4d076e44d98461639e6535b') in 0.006683 seconds 
  Import took 0.009349 seconds .

========================================================================
Received Import Request.
  Time since last request: 3.898105 seconds.
  path: Assets/Scripts/SObjects/Tree8.asset
  artifactKey: Guid(6a75f42ce87ea174e876e40094760683) Importer(815301076,1909f56bfc062723c751e8b465ee728b)
Start importing Assets/Scripts/SObjects/Tree8.asset using Guid(6a75f42ce87ea174e876e40094760683) Importer(815301076,1909f56bfc062723c751e8b465ee728b)  -> (artifact id: 'f77f12c02001b83d2461e1d4d2ac22fe') in 0.007316 seconds 
  Import took 0.010076 seconds .

========================================================================
Received Import Request.
  Time since last request: 3.348346 seconds.
  path: Assets/Scripts/SObjects/Tree9.asset
  artifactKey: Guid(8682680873aad1b4581850cd98542338) Importer(815301076,1909f56bfc062723c751e8b465ee728b)
Start importing Assets/Scripts/SObjects/Tree9.asset using Guid(8682680873aad1b4581850cd98542338) Importer(815301076,1909f56bfc062723c751e8b465ee728b)  -> (artifact id: 'e842bab057ca70a71c70c3f5844f36e0') in 0.006934 seconds 
  Import took 0.009232 seconds .

========================================================================
Received Import Request.
  Time since last request: 62.607068 seconds.
  path: Assets/TreeIcons/tree1.png
  artifactKey: Guid(d8421f6eb0bf64ae1903dad405189235) Importer(815301076,1909f56bfc062723c751e8b465ee728b)
Start importing Assets/TreeIcons/tree1.png using Guid(d8421f6eb0bf64ae1903dad405189235) Importer(815301076,1909f56bfc062723c751e8b465ee728b)  -> (artifact id: 'baf0348cba845e9ad4325c2acead88c5') in 0.090627 seconds 
  Import took 0.093135 seconds .

========================================================================
Received Import Request.
  Time since last request: 299.223308 seconds.
  path: Assets/Tree Prefabs/Tree1.prefab
  artifactKey: Guid(2a54843f5cf1b4347b71c47de5b6d79e) Importer(815301076,1909f56bfc062723c751e8b465ee728b)
Start importing Assets/Tree Prefabs/Tree1.prefab using Guid(2a54843f5cf1b4347b71c47de5b6d79e) Importer(815301076,1909f56bfc062723c751e8b465ee728b)  -> (artifact id: 'f3c23e37ee2d57d93967a55248cad4bd') in 0.152965 seconds 
  Import took 0.155832 seconds .

========================================================================
Received Import Request.
  Time since last request: 21.156739 seconds.
  path: Assets/Tree Prefabs/Tree2.prefab
  artifactKey: Guid(6e0da69cc1f2a4ffebb9d0a450611b42) Importer(815301076,1909f56bfc062723c751e8b465ee728b)
Start importing Assets/Tree Prefabs/Tree2.prefab using Guid(6e0da69cc1f2a4ffebb9d0a450611b42) Importer(815301076,1909f56bfc062723c751e8b465ee728b)  -> (artifact id: '271388d4e96a39711037db876348faa3') in 0.027915 seconds 
  Import took 0.030600 seconds .

========================================================================
Received Import Request.
  Time since last request: 52.691473 seconds.
  path: Assets/Scripts/Plant.cs
  artifactKey: Guid(d3f0e3504a58ac84ea8047a68f44a19b) Importer(815301076,1909f56bfc062723c751e8b465ee728b)
Start importing Assets/Scripts/Plant.cs using Guid(d3f0e3504a58ac84ea8047a68f44a19b) Importer(815301076,1909f56bfc062723c751e8b465ee728b)  -> (artifact id: 'e67f11aa5352086ef7f79dc1099d6eba') in 0.007018 seconds 
  Import took 0.010617 seconds .

========================================================================
Received Prepare
Registering precompiled user dll's ...
Registered in 0.003581 seconds.
Begin MonoManager ReloadAssembly
Native extension for WindowsStandalone target not found
Refreshing native plugins compatible for Editor in 0.69 ms, found 2 plugins.
Preloading 0 native plugins for Editor in 0.00 ms.
Mono: successfully reloaded assembly
- Completed reload, in  1.017 seconds
Domain Reload Profiling:
	ReloadAssembly (1017ms)
		BeginReloadAssembly (121ms)
			ExecutionOrderSort (0ms)
			DisableScriptedObjects (4ms)
			BackupInstance (0ms)
			ReleaseScriptingObjects (0ms)
			CreateAndSetChildDomain (31ms)
		EndReloadAssembly (838ms)
			LoadAssemblies (98ms)
			RebuildTransferFunctionScriptingTraits (0ms)
			SetupTypeCache (285ms)
			ReleaseScriptCaches (1ms)
			RebuildScriptCaches (39ms)
			SetupLoadedEditorAssemblies (325ms)
				LogAssemblyErrors (0ms)
				InitializePlatformSupportModulesInManaged (6ms)
				SetLoadedEditorAssemblies (1ms)
				RefreshPlugins (1ms)
				BeforeProcessingInitializeOnLoad (120ms)
				ProcessInitializeOnLoadAttributes (187ms)
				ProcessInitializeOnLoadMethodAttributes (8ms)
				AfterProcessingInitializeOnLoad (2ms)
				EditorAssembliesLoaded (0ms)
			ExecutionOrderSort2 (0ms)
			AwakeInstancesAfterBackupRestoration (7ms)
Platform modules already initialized, skipping
Refreshing native plugins compatible for Editor in 0.62 ms, found 2 plugins.
Preloading 0 native plugins for Editor in 0.00 ms.
Unloading 1503 Unused Serialized files (Serialized files now loaded: 0)
System memory in use before: 73.1 MB.
System memory in use after: 73.3 MB.

Unloading 14 unused Assets to reduce memory usage. Loaded Objects now: 1971.
Total: 4.072100 ms (FindLiveObjects: 0.250200 ms CreateObjectMapping: 0.038900 ms MarkObjects: 3.751600 ms  DeleteObjects: 0.022900 ms)

AssetImportParameters requested are different than current active one (requested -> active):
  custom:framework-win-MediaFoundation: 216162199b28c13a410421893ffa2e32 -> 
  custom:video-decoder-ogg-theora: a1e56fd34408186e4bbccfd4996cb3dc -> 
  custom:container-muxer-webm: aa71ff27fc2769a1b78a27578f13a17b -> 
  custom:container-demuxer-webm: 4f35f7cbe854078d1ac9338744f61a02 -> 
  custom:container-demuxer-ogg: 62fdf1f143b41e24485cea50d1cbac27 -> 
  custom:video-encoder-webm-vp8: eb34c28f22e8b96e1ab97ce403110664 -> 
  custom:video-decoder-webm-vp8: 9c59270c3fd7afecdb556c50c9e8de78 -> 
  custom:audio-decoder-ogg-vorbis: bf7c407c2cedff20999df2af8eb42d56 -> 
  custom:audio-encoder-webm-vorbis: bf7c407c2cedff20999df2af8eb42d56 -> 
========================================================================
Received Prepare
Registering precompiled user dll's ...
Registered in 0.003574 seconds.
Begin MonoManager ReloadAssembly
Native extension for WindowsStandalone target not found
Refreshing native plugins compatible for Editor in 0.39 ms, found 2 plugins.
Preloading 0 native plugins for Editor in 0.00 ms.
Mono: successfully reloaded assembly
- Completed reload, in  0.879 seconds
Domain Reload Profiling:
	ReloadAssembly (879ms)
		BeginReloadAssembly (118ms)
			ExecutionOrderSort (0ms)
			DisableScriptedObjects (4ms)
			BackupInstance (0ms)
			ReleaseScriptingObjects (0ms)
			CreateAndSetChildDomain (27ms)
		EndReloadAssembly (705ms)
			LoadAssemblies (95ms)
			RebuildTransferFunctionScriptingTraits (0ms)
			SetupTypeCache (266ms)
			ReleaseScriptCaches (1ms)
			RebuildScriptCaches (42ms)
			SetupLoadedEditorAssemblies (232ms)
				LogAssemblyErrors (0ms)
				InitializePlatformSupportModulesInManaged (4ms)
				SetLoadedEditorAssemblies (0ms)
				RefreshPlugins (0ms)
				BeforeProcessingInitializeOnLoad (65ms)
				ProcessInitializeOnLoadAttributes (152ms)
				ProcessInitializeOnLoadMethodAttributes (8ms)
				AfterProcessingInitializeOnLoad (2ms)
				EditorAssembliesLoaded (0ms)
			ExecutionOrderSort2 (0ms)
			AwakeInstancesAfterBackupRestoration (5ms)
Platform modules already initialized, skipping
Refreshing native plugins compatible for Editor in 0.41 ms, found 2 plugins.
Preloading 0 native plugins for Editor in 0.00 ms.
Unloading 1503 Unused Serialized files (Serialized files now loaded: 0)
System memory in use before: 73.1 MB.
System memory in use after: 73.3 MB.

Unloading 14 unused Assets to reduce memory usage. Loaded Objects now: 1973.
Total: 2.717900 ms (FindLiveObjects: 0.194900 ms CreateObjectMapping: 0.034000 ms MarkObjects: 2.470100 ms  DeleteObjects: 0.017500 ms)

AssetImportParameters requested are different than current active one (requested -> active):
  custom:framework-win-MediaFoundation: 216162199b28c13a410421893ffa2e32 -> 
  custom:video-decoder-ogg-theora: a1e56fd34408186e4bbccfd4996cb3dc -> 
  custom:container-muxer-webm: aa71ff27fc2769a1b78a27578f13a17b -> 
  custom:container-demuxer-webm: 4f35f7cbe854078d1ac9338744f61a02 -> 
  custom:container-demuxer-ogg: 62fdf1f143b41e24485cea50d1cbac27 -> 
  custom:video-encoder-webm-vp8: eb34c28f22e8b96e1ab97ce403110664 -> 
  custom:video-decoder-webm-vp8: 9c59270c3fd7afecdb556c50c9e8de78 -> 
  custom:audio-decoder-ogg-vorbis: bf7c407c2cedff20999df2af8eb42d56 -> 
  custom:audio-encoder-webm-vorbis: bf7c407c2cedff20999df2af8eb42d56 -> 
========================================================================
Received Import Request.
  Time since last request: 37.649926 seconds.
  path: Assets/Scripts/Plant.cs
  artifactKey: Guid(d3f0e3504a58ac84ea8047a68f44a19b) Importer(815301076,1909f56bfc062723c751e8b465ee728b)
Start importing Assets/Scripts/Plant.cs using Guid(d3f0e3504a58ac84ea8047a68f44a19b) Importer(815301076,1909f56bfc062723c751e8b465ee728b)  -> (artifact id: 'b55e8cbeef1f564de08f6fcc632e19d6') in 0.006125 seconds 
  Import took 0.008486 seconds .

========================================================================
Received Import Request.
  Time since last request: 196.116632 seconds.
  path: Assets/TreeIcons
  artifactKey: Guid(6d2c472205734124394cc4faa5f00d33) Importer(815301076,1909f56bfc062723c751e8b465ee728b)
Start importing Assets/TreeIcons using Guid(6d2c472205734124394cc4faa5f00d33) Importer(815301076,1909f56bfc062723c751e8b465ee728b)  -> (artifact id: '82958ac6736379e418d258c4368dda43') in 0.006035 seconds 
  Import took 0.008597 seconds .

========================================================================
Received Import Request.
  Time since last request: 2.165703 seconds.
  path: Assets/CombatJane
  artifactKey: Guid(31221e50e0a0c5c4c9ffd4418c8a819b) Importer(815301076,1909f56bfc062723c751e8b465ee728b)
Start importing Assets/CombatJane using Guid(31221e50e0a0c5c4c9ffd4418c8a819b) Importer(815301076,1909f56bfc062723c751e8b465ee728b)  -> (artifact id: '5cce7912cb14188654690e825d090b30') in 0.006349 seconds 
  Import took 0.009038 seconds .

========================================================================
Received Import Request.
  Time since last request: 13.469866 seconds.
  path: Assets/Tree Prefabs
  artifactKey: Guid(7858ac7647adbc64c949c4b8c08fcd37) Importer(815301076,1909f56bfc062723c751e8b465ee728b)
Start importing Assets/Tree Prefabs using Guid(7858ac7647adbc64c949c4b8c08fcd37) Importer(815301076,1909f56bfc062723c751e8b465ee728b)  -> (artifact id: '4b7e27977e037c954a8e1cd0f4ad26ef') in 0.006242 seconds 
  Import took 0.008537 seconds .

========================================================================
Received Import Request.
  Time since last request: 8.197419 seconds.
  path: Assets/3D Game Kit - Environment Pack
  artifactKey: Guid(80ff99978b2e16647a595f84745d7662) Importer(815301076,1909f56bfc062723c751e8b465ee728b)
Start importing Assets/3D Game Kit - Environment Pack using Guid(80ff99978b2e16647a595f84745d7662) Importer(815301076,1909f56bfc062723c751e8b465ee728b)  -> (artifact id: '6b0bf9b77e600cd4c2a49b823964a504') in 0.006466 seconds 
  Import took 0.008959 seconds .

========================================================================
Received Import Request.
  Time since last request: 22.725816 seconds.
  path: ProjectSettings/TagManager.asset
  artifactKey: Guid(00000000000000003000000000000000) Importer(815301076,1909f56bfc062723c751e8b465ee728b)
Start importing ProjectSettings/TagManager.asset using Guid(00000000000000003000000000000000) Importer(815301076,1909f56bfc062723c751e8b465ee728b)  -> (artifact id: 'ce6a35c3cddc746e7501c0bd0ed6d4ce') in 0.017025 seconds 
  Import took 0.019446 seconds .

========================================================================
Received Prepare
Registering precompiled user dll's ...
Registered in 0.003468 seconds.
Begin MonoManager ReloadAssembly
Native extension for WindowsStandalone target not found
Refreshing native plugins compatible for Editor in 0.37 ms, found 2 plugins.
Preloading 0 native plugins for Editor in 0.00 ms.
Mono: successfully reloaded assembly
- Completed reload, in  0.851 seconds
Domain Reload Profiling:
	ReloadAssembly (851ms)
		BeginReloadAssembly (107ms)
			ExecutionOrderSort (0ms)
			DisableScriptedObjects (4ms)
			BackupInstance (0ms)
			ReleaseScriptingObjects (0ms)
			CreateAndSetChildDomain (27ms)
		EndReloadAssembly (692ms)
			LoadAssemblies (93ms)
			RebuildTransferFunctionScriptingTraits (0ms)
			SetupTypeCache (242ms)
			ReleaseScriptCaches (1ms)
			RebuildScriptCaches (35ms)
			SetupLoadedEditorAssemblies (241ms)
				LogAssemblyErrors (0ms)
				InitializePlatformSupportModulesInManaged (4ms)
				SetLoadedEditorAssemblies (0ms)
				RefreshPlugins (0ms)
				BeforeProcessingInitializeOnLoad (66ms)
				ProcessInitializeOnLoadAttributes (160ms)
				ProcessInitializeOnLoadMethodAttributes (8ms)
				AfterProcessingInitializeOnLoad (2ms)
				EditorAssembliesLoaded (0ms)
			ExecutionOrderSort2 (0ms)
			AwakeInstancesAfterBackupRestoration (6ms)
Platform modules already initialized, skipping
Refreshing native plugins compatible for Editor in 0.49 ms, found 2 plugins.
Preloading 0 native plugins for Editor in 0.00 ms.
Unloading 1503 Unused Serialized files (Serialized files now loaded: 0)
System memory in use before: 73.2 MB.
System memory in use after: 73.3 MB.

Unloading 15 unused Assets to reduce memory usage. Loaded Objects now: 1975.
Total: 2.653200 ms (FindLiveObjects: 0.167500 ms CreateObjectMapping: 0.034100 ms MarkObjects: 2.435800 ms  DeleteObjects: 0.015000 ms)

AssetImportParameters requested are different than current active one (requested -> active):
  custom:framework-win-MediaFoundation: 216162199b28c13a410421893ffa2e32 -> 
  custom:video-decoder-ogg-theora: a1e56fd34408186e4bbccfd4996cb3dc -> 
  custom:container-muxer-webm: aa71ff27fc2769a1b78a27578f13a17b -> 
  custom:container-demuxer-webm: 4f35f7cbe854078d1ac9338744f61a02 -> 
  custom:container-demuxer-ogg: 62fdf1f143b41e24485cea50d1cbac27 -> 
  custom:video-encoder-webm-vp8: eb34c28f22e8b96e1ab97ce403110664 -> 
  custom:video-decoder-webm-vp8: 9c59270c3fd7afecdb556c50c9e8de78 -> 
  custom:audio-decoder-ogg-vorbis: bf7c407c2cedff20999df2af8eb42d56 -> 
  custom:audio-encoder-webm-vorbis: bf7c407c2cedff20999df2af8eb42d56 -> 
========================================================================
Received Import Request.
  Time since last request: 108.272726 seconds.
  path: Assets/Scripts/Plant.cs
  artifactKey: Guid(d3f0e3504a58ac84ea8047a68f44a19b) Importer(815301076,1909f56bfc062723c751e8b465ee728b)
Start importing Assets/Scripts/Plant.cs using Guid(d3f0e3504a58ac84ea8047a68f44a19b) Importer(815301076,1909f56bfc062723c751e8b465ee728b)  -> (artifact id: 'f1c71e8826b851048675ff6a340aded4') in 0.004243 seconds 
  Import took 0.006787 seconds .

========================================================================
Received Prepare
Registering precompiled user dll's ...
Registered in 0.004032 seconds.
Begin MonoManager ReloadAssembly
Native extension for WindowsStandalone target not found
Refreshing native plugins compatible for Editor in 0.37 ms, found 2 plugins.
Preloading 0 native plugins for Editor in 0.00 ms.
Mono: successfully reloaded assembly
- Completed reload, in  0.891 seconds
Domain Reload Profiling:
	ReloadAssembly (891ms)
		BeginReloadAssembly (120ms)
			ExecutionOrderSort (0ms)
			DisableScriptedObjects (4ms)
			BackupInstance (0ms)
			ReleaseScriptingObjects (0ms)
			CreateAndSetChildDomain (30ms)
		EndReloadAssembly (713ms)
			LoadAssemblies (101ms)
			RebuildTransferFunctionScriptingTraits (0ms)
			SetupTypeCache (269ms)
			ReleaseScriptCaches (1ms)
			RebuildScriptCaches (35ms)
			SetupLoadedEditorAssemblies (239ms)
				LogAssemblyErrors (0ms)
				InitializePlatformSupportModulesInManaged (4ms)
				SetLoadedEditorAssemblies (0ms)
				RefreshPlugins (0ms)
				BeforeProcessingInitializeOnLoad (67ms)
				ProcessInitializeOnLoadAttributes (157ms)
				ProcessInitializeOnLoadMethodAttributes (8ms)
				AfterProcessingInitializeOnLoad (2ms)
				EditorAssembliesLoaded (0ms)
			ExecutionOrderSort2 (0ms)
			AwakeInstancesAfterBackupRestoration (6ms)
Platform modules already initialized, skipping
Refreshing native plugins compatible for Editor in 0.36 ms, found 2 plugins.
Preloading 0 native plugins for Editor in 0.00 ms.
Unloading 1503 Unused Serialized files (Serialized files now loaded: 0)
System memory in use before: 73.2 MB.
System memory in use after: 73.3 MB.

Unloading 14 unused Assets to reduce memory usage. Loaded Objects now: 1977.
Total: 3.682000 ms (FindLiveObjects: 0.462200 ms CreateObjectMapping: 0.078800 ms MarkObjects: 3.117200 ms  DeleteObjects: 0.022400 ms)

AssetImportParameters requested are different than current active one (requested -> active):
  custom:framework-win-MediaFoundation: 216162199b28c13a410421893ffa2e32 -> 
  custom:video-decoder-ogg-theora: a1e56fd34408186e4bbccfd4996cb3dc -> 
  custom:container-muxer-webm: aa71ff27fc2769a1b78a27578f13a17b -> 
  custom:container-demuxer-webm: 4f35f7cbe854078d1ac9338744f61a02 -> 
  custom:container-demuxer-ogg: 62fdf1f143b41e24485cea50d1cbac27 -> 
  custom:video-encoder-webm-vp8: eb34c28f22e8b96e1ab97ce403110664 -> 
  custom:video-decoder-webm-vp8: 9c59270c3fd7afecdb556c50c9e8de78 -> 
  custom:audio-decoder-ogg-vorbis: bf7c407c2cedff20999df2af8eb42d56 -> 
  custom:audio-encoder-webm-vorbis: bf7c407c2cedff20999df2af8eb42d56 -> 
========================================================================
Received Import Request.
  Time since last request: 532.377093 seconds.
  path: Assets/Scripts/Plant.cs
  artifactKey: Guid(d3f0e3504a58ac84ea8047a68f44a19b) Importer(815301076,1909f56bfc062723c751e8b465ee728b)
Start importing Assets/Scripts/Plant.cs using Guid(d3f0e3504a58ac84ea8047a68f44a19b) Importer(815301076,1909f56bfc062723c751e8b465ee728b)  -> (artifact id: 'e794d8a8f384962fe8e99a8e1e19bdc8') in 0.004704 seconds 
  Import took 0.007507 seconds .

========================================================================
Received Import Request.
  Time since last request: 110.637143 seconds.
  path: Assets/Scripts/PlayerController.cs
  artifactKey: Guid(a8388ca91402043bca401bfa0ef35eb4) Importer(815301076,1909f56bfc062723c751e8b465ee728b)
Start importing Assets/Scripts/PlayerController.cs using Guid(a8388ca91402043bca401bfa0ef35eb4) Importer(815301076,1909f56bfc062723c751e8b465ee728b)  -> (artifact id: 'd6d409a55c24deef348a9af403830796') in 0.007161 seconds 
  Import took 0.010419 seconds .

========================================================================
Received Prepare
Registering precompiled user dll's ...
Registered in 0.004111 seconds.
Begin MonoManager ReloadAssembly
Native extension for WindowsStandalone target not found
Refreshing native plugins compatible for Editor in 0.36 ms, found 2 plugins.
Preloading 0 native plugins for Editor in 0.00 ms.
Mono: successfully reloaded assembly
- Completed reload, in  0.827 seconds
Domain Reload Profiling:
	ReloadAssembly (827ms)
		BeginReloadAssembly (105ms)
			ExecutionOrderSort (0ms)
			DisableScriptedObjects (4ms)
			BackupInstance (0ms)
			ReleaseScriptingObjects (0ms)
			CreateAndSetChildDomain (25ms)
		EndReloadAssembly (670ms)
			LoadAssemblies (88ms)
			RebuildTransferFunctionScriptingTraits (0ms)
			SetupTypeCache (245ms)
			ReleaseScriptCaches (1ms)
			RebuildScriptCaches (33ms)
			SetupLoadedEditorAssemblies (231ms)
				LogAssemblyErrors (0ms)
				InitializePlatformSupportModulesInManaged (4ms)
				SetLoadedEditorAssemblies (0ms)
				RefreshPlugins (0ms)
				BeforeProcessingInitializeOnLoad (62ms)
				ProcessInitializeOnLoadAttributes (153ms)
				ProcessInitializeOnLoadMethodAttributes (8ms)
				AfterProcessingInitializeOnLoad (2ms)
				EditorAssembliesLoaded (0ms)
			ExecutionOrderSort2 (0ms)
			AwakeInstancesAfterBackupRestoration (6ms)
Platform modules already initialized, skipping
Refreshing native plugins compatible for Editor in 0.37 ms, found 2 plugins.
Preloading 0 native plugins for Editor in 0.00 ms.
Unloading 1503 Unused Serialized files (Serialized files now loaded: 0)
System memory in use before: 73.2 MB.
System memory in use after: 73.3 MB.

Unloading 14 unused Assets to reduce memory usage. Loaded Objects now: 1979.
Total: 2.799800 ms (FindLiveObjects: 0.173100 ms CreateObjectMapping: 0.033400 ms MarkObjects: 2.569200 ms  DeleteObjects: 0.022700 ms)

AssetImportParameters requested are different than current active one (requested -> active):
  custom:framework-win-MediaFoundation: 216162199b28c13a410421893ffa2e32 -> 
  custom:video-decoder-ogg-theora: a1e56fd34408186e4bbccfd4996cb3dc -> 
  custom:container-muxer-webm: aa71ff27fc2769a1b78a27578f13a17b -> 
  custom:container-demuxer-webm: 4f35f7cbe854078d1ac9338744f61a02 -> 
  custom:container-demuxer-ogg: 62fdf1f143b41e24485cea50d1cbac27 -> 
  custom:video-encoder-webm-vp8: eb34c28f22e8b96e1ab97ce403110664 -> 
  custom:video-decoder-webm-vp8: 9c59270c3fd7afecdb556c50c9e8de78 -> 
  custom:audio-decoder-ogg-vorbis: bf7c407c2cedff20999df2af8eb42d56 -> 
  custom:audio-encoder-webm-vorbis: bf7c407c2cedff20999df2af8eb42d56 -> 
========================================================================
Received Import Request.
  Time since last request: 103.127585 seconds.
  path: Assets/Tree Prefabs/Tree1.prefab
  artifactKey: Guid(2a54843f5cf1b4347b71c47de5b6d79e) Importer(815301076,1909f56bfc062723c751e8b465ee728b)
Start importing Assets/Tree Prefabs/Tree1.prefab using Guid(2a54843f5cf1b4347b71c47de5b6d79e) Importer(815301076,1909f56bfc062723c751e8b465ee728b)  -> (artifact id: '161d86f5398894abc7266a1ebc35a4a2') in 0.063235 seconds 
  Import took 0.065922 seconds .

========================================================================
Received Prepare
Registering precompiled user dll's ...
Registered in 0.003580 seconds.
Begin MonoManager ReloadAssembly
Native extension for WindowsStandalone target not found
Refreshing native plugins compatible for Editor in 0.39 ms, found 2 plugins.
Preloading 0 native plugins for Editor in 0.00 ms.
Mono: successfully reloaded assembly
- Completed reload, in  0.852 seconds
Domain Reload Profiling:
	ReloadAssembly (852ms)
		BeginReloadAssembly (103ms)
			ExecutionOrderSort (0ms)
			DisableScriptedObjects (6ms)
			BackupInstance (0ms)
			ReleaseScriptingObjects (0ms)
			CreateAndSetChildDomain (27ms)
		EndReloadAssembly (693ms)
			LoadAssemblies (93ms)
			RebuildTransferFunctionScriptingTraits (0ms)
			SetupTypeCache (253ms)
			ReleaseScriptCaches (1ms)
			RebuildScriptCaches (37ms)
			SetupLoadedEditorAssemblies (238ms)
				LogAssemblyErrors (0ms)
				InitializePlatformSupportModulesInManaged (4ms)
				SetLoadedEditorAssemblies (0ms)
				RefreshPlugins (0ms)
				BeforeProcessingInitializeOnLoad (67ms)
				ProcessInitializeOnLoadAttributes (156ms)
				ProcessInitializeOnLoadMethodAttributes (8ms)
				AfterProcessingInitializeOnLoad (2ms)
				EditorAssembliesLoaded (0ms)
			ExecutionOrderSort2 (0ms)
			AwakeInstancesAfterBackupRestoration (6ms)
Platform modules already initialized, skipping
Refreshing native plugins compatible for Editor in 0.39 ms, found 2 plugins.
Preloading 0 native plugins for Editor in 0.00 ms.
Unloading 1503 Unused Serialized files (Serialized files now loaded: 0)
System memory in use before: 73.2 MB.
System memory in use after: 73.3 MB.

Unloading 14 unused Assets to reduce memory usage. Loaded Objects now: 1982.
Total: 2.986500 ms (FindLiveObjects: 0.174900 ms CreateObjectMapping: 0.035600 ms MarkObjects: 2.757200 ms  DeleteObjects: 0.017700 ms)

AssetImportParameters requested are different than current active one (requested -> active):
  custom:framework-win-MediaFoundation: 216162199b28c13a410421893ffa2e32 -> 
  custom:video-decoder-ogg-theora: a1e56fd34408186e4bbccfd4996cb3dc -> 
  custom:container-muxer-webm: aa71ff27fc2769a1b78a27578f13a17b -> 
  custom:container-demuxer-webm: 4f35f7cbe854078d1ac9338744f61a02 -> 
  custom:container-demuxer-ogg: 62fdf1f143b41e24485cea50d1cbac27 -> 
  custom:video-encoder-webm-vp8: eb34c28f22e8b96e1ab97ce403110664 -> 
  custom:video-decoder-webm-vp8: 9c59270c3fd7afecdb556c50c9e8de78 -> 
  custom:audio-decoder-ogg-vorbis: bf7c407c2cedff20999df2af8eb42d56 -> 
  custom:audio-encoder-webm-vorbis: bf7c407c2cedff20999df2af8eb42d56 -> 
========================================================================
Received Prepare
Registering precompiled user dll's ...
Registered in 0.003830 seconds.
Begin MonoManager ReloadAssembly
Native extension for WindowsStandalone target not found
Refreshing native plugins compatible for Editor in 0.36 ms, found 2 plugins.
Preloading 0 native plugins for Editor in 0.00 ms.
Mono: successfully reloaded assembly
- Completed reload, in  0.835 seconds
Domain Reload Profiling:
	ReloadAssembly (835ms)
		BeginReloadAssembly (113ms)
			ExecutionOrderSort (0ms)
			DisableScriptedObjects (4ms)
			BackupInstance (0ms)
			ReleaseScriptingObjects (0ms)
			CreateAndSetChildDomain (26ms)
		EndReloadAssembly (671ms)
			LoadAssemblies (90ms)
			RebuildTransferFunctionScriptingTraits (0ms)
			SetupTypeCache (247ms)
			ReleaseScriptCaches (1ms)
			RebuildScriptCaches (33ms)
			SetupLoadedEditorAssemblies (235ms)
				LogAssemblyErrors (0ms)
				InitializePlatformSupportModulesInManaged (4ms)
				SetLoadedEditorAssemblies (0ms)
				RefreshPlugins (0ms)
				BeforeProcessingInitializeOnLoad (65ms)
				ProcessInitializeOnLoadAttributes (154ms)
				ProcessInitializeOnLoadMethodAttributes (8ms)
				AfterProcessingInitializeOnLoad (2ms)
				EditorAssembliesLoaded (0ms)
			ExecutionOrderSort2 (0ms)
			AwakeInstancesAfterBackupRestoration (6ms)
Platform modules already initialized, skipping
Refreshing native plugins compatible for Editor in 0.63 ms, found 2 plugins.
Preloading 0 native plugins for Editor in 0.00 ms.
Unloading 1503 Unused Serialized files (Serialized files now loaded: 0)
System memory in use before: 73.2 MB.
System memory in use after: 73.3 MB.

Unloading 14 unused Assets to reduce memory usage. Loaded Objects now: 1984.
Total: 4.209400 ms (FindLiveObjects: 0.289600 ms CreateObjectMapping: 0.070800 ms MarkObjects: 3.819200 ms  DeleteObjects: 0.027700 ms)

AssetImportParameters requested are different than current active one (requested -> active):
  custom:framework-win-MediaFoundation: 216162199b28c13a410421893ffa2e32 -> 
  custom:video-decoder-ogg-theora: a1e56fd34408186e4bbccfd4996cb3dc -> 
  custom:container-muxer-webm: aa71ff27fc2769a1b78a27578f13a17b -> 
  custom:container-demuxer-webm: 4f35f7cbe854078d1ac9338744f61a02 -> 
  custom:container-demuxer-ogg: 62fdf1f143b41e24485cea50d1cbac27 -> 
  custom:video-encoder-webm-vp8: eb34c28f22e8b96e1ab97ce403110664 -> 
  custom:video-decoder-webm-vp8: 9c59270c3fd7afecdb556c50c9e8de78 -> 
  custom:audio-decoder-ogg-vorbis: bf7c407c2cedff20999df2af8eb42d56 -> 
  custom:audio-encoder-webm-vorbis: bf7c407c2cedff20999df2af8eb42d56 -> 
========================================================================
Received Prepare
Registering precompiled user dll's ...
Registered in 0.004311 seconds.
Begin MonoManager ReloadAssembly
Native extension for WindowsStandalone target not found
Refreshing native plugins compatible for Editor in 0.36 ms, found 2 plugins.
Preloading 0 native plugins for Editor in 0.00 ms.
Mono: successfully reloaded assembly
- Completed reload, in  0.905 seconds
Domain Reload Profiling:
	ReloadAssembly (906ms)
		BeginReloadAssembly (117ms)
			ExecutionOrderSort (0ms)
			DisableScriptedObjects (4ms)
			BackupInstance (0ms)
			ReleaseScriptingObjects (0ms)
			CreateAndSetChildDomain (27ms)
		EndReloadAssembly (732ms)
			LoadAssemblies (100ms)
			RebuildTransferFunctionScriptingTraits (0ms)
			SetupTypeCache (257ms)
			ReleaseScriptCaches (1ms)
			RebuildScriptCaches (36ms)
			SetupLoadedEditorAssemblies (267ms)
				LogAssemblyErrors (0ms)
				InitializePlatformSupportModulesInManaged (4ms)
				SetLoadedEditorAssemblies (0ms)
				RefreshPlugins (0ms)
				BeforeProcessingInitializeOnLoad (79ms)
				ProcessInitializeOnLoadAttributes (172ms)
				ProcessInitializeOnLoadMethodAttributes (8ms)
				AfterProcessingInitializeOnLoad (3ms)
				EditorAssembliesLoaded (0ms)
			ExecutionOrderSort2 (0ms)
			AwakeInstancesAfterBackupRestoration (6ms)
Platform modules already initialized, skipping
Refreshing native plugins compatible for Editor in 0.39 ms, found 2 plugins.
Preloading 0 native plugins for Editor in 0.00 ms.
Unloading 1503 Unused Serialized files (Serialized files now loaded: 0)
System memory in use before: 73.2 MB.
System memory in use after: 73.3 MB.

Unloading 14 unused Assets to reduce memory usage. Loaded Objects now: 1986.
Total: 2.930200 ms (FindLiveObjects: 0.221300 ms CreateObjectMapping: 0.052000 ms MarkObjects: 2.638700 ms  DeleteObjects: 0.016800 ms)

AssetImportParameters requested are different than current active one (requested -> active):
  custom:framework-win-MediaFoundation: 216162199b28c13a410421893ffa2e32 -> 
  custom:video-decoder-ogg-theora: a1e56fd34408186e4bbccfd4996cb3dc -> 
  custom:container-muxer-webm: aa71ff27fc2769a1b78a27578f13a17b -> 
  custom:container-demuxer-webm: 4f35f7cbe854078d1ac9338744f61a02 -> 
  custom:container-demuxer-ogg: 62fdf1f143b41e24485cea50d1cbac27 -> 
  custom:video-encoder-webm-vp8: eb34c28f22e8b96e1ab97ce403110664 -> 
  custom:video-decoder-webm-vp8: 9c59270c3fd7afecdb556c50c9e8de78 -> 
  custom:audio-decoder-ogg-vorbis: bf7c407c2cedff20999df2af8eb42d56 -> 
  custom:audio-encoder-webm-vorbis: bf7c407c2cedff20999df2af8eb42d56 -> 
AssetImportWorkerClient::OnTransportError - code=2 error=End of file
